Session started : 20/10/14 16:54
 Charlie (v2.0-b194-r229) - 

Analyzer has finished: Structural Analyzer
starts analysis with following options:
charlie.analyzer.structural.StructuralOptionSet
input places:
no input places
output places:
no output places
input transitions:
no input transitions
output transitions:
	|6.Deg_BCA	:1,
	|7.Deg_BcCcAc	:1,
	|9.Deg_Olg	:1

number of places: 8
number of transitions: 10
number of arcs: 30

Structural coupled conflict sets: 

1	|0.Stress_Im__Stress_Dm	:1,
	|4.Im_BcCcAc__Im_BCA	:1,
	|7.Deg_BcCcAc	:1
2	|1.Dm_Olg__Im_Olg	:1,
	|2.TF__BCA_Olg	:1,
	|3.Dm_BCAF__Dm_BcCcAc_TF	:1,
	|5.DmBCA_BcCcAc	:1,
	|6.Deg_BCA	:1,
	|8.BCA_TF__BCAF	:1,
	|9.Deg_Olg	:1
 
Structural equal conflict sets: 

1	|0.Stress_Im__Stress_Dm	:1
2	|4.Im_BcCcAc__Im_BCA	:1
3	|7.Deg_BcCcAc	:1
4	|1.Dm_Olg__Im_Olg	:1
5	|2.TF__BCA_Olg	:1
6	|3.Dm_BCAF__Dm_BcCcAc_TF	:1
7	|5.DmBCA_BcCcAc	:1
8	|6.Deg_BCA	:1
9	|8.BCA_TF__BCAF	:1
10	|9.Deg_Olg	:1
 
time:  0 m 0 s


Structural Analysis Results:
  PUR   ORD   HOM   NBM   CSV   SCF   FT0   TF0   FP0   PF0   CON   SC    NC  
   N     Y     Y     Y     N     N     Y     N     Y     Y     Y     N    nES 
 RKTH   STP   CPI   CTI  SCTI    SB   k-B   1-B   DCF   DSt   DTr   LIV   REV 
   -     -     -     -     -     -     -     N     -     -     -     -     -  
  SSI   RNK  SCCS  SECS 
   -     -      2    10 

Analyzer has finished: Siphon Analyzer
Analyzer: Siphon Analyzer
start time: 20/10/14 16:55
starts analysis with following options:
siphon options
Siphon Analyzer:
 computing siphons

STP is not valid
 counter examples:
    siphon:
	|0.Stress	:1
	maximal trap:
	|0.Stress	:1
	is not sufficiently marked
1 siphons computed 00:00:00:001
time: 00:00:00:003


Analyzer has finished: Siphon Analyzer
Analyzer: Siphon Analyzer
start time: 20/10/14 16:56
starts analysis with following options:
siphon options
Siphon Analyzer:
 computing siphons

STP is not valid
 counter examples:
    siphon:
	|0.Stress	:1
	maximal trap:
	|0.Stress	:1
	is not sufficiently marked
1 siphons computed 00:00:00:003
time: 00:00:00:025


---------------FINAL RESULTS----------------------

  PUR   ORD   HOM   NBM   CSV   SCF   FT0   TF0   FP0   PF0   CON   SC    NC  
   N     Y     Y     Y     N     N     Y     N     Y     Y     Y     N    nES 
 RKTH   STP   CPI   CTI  SCTI    SB   k-B   1-B   DCF   DSt   DTr   LIV   REV 
   -     N     -     -     -     -     -     N     -     -     -     -     -  
  SSI   RNK  SCCS  SECS 
   Y     -      2    10 
--------------------------------------------------
Session finsihed : 20/10/14 16:56
